<?xml version="1.0" encoding="UTF-8"?>
<!-- Generated by org.testng.reporters.JUnitXMLReporter -->
<testsuite hostname="Abeer" ignored="0" name="Default test" tests="6" failures="0" timestamp="11 Mar 2017 12:36:46 GMT" time="0.086" errors="0">
  <testcase name="testCheckDate" time="0.036" classname="testng.NewTest"/>
  <testcase name="testCheckDate" time="0.002" classname="testng.NewTest"/>
  <testcase name="testCheckTournamentExist" time="0.003" classname="testng.NewTest"/>
  <testcase name="testCheckTournamentExist" time="0.003" classname="testng.NewTest"/>
  <testcase name="testCheckTournamentExist" time="0.001" classname="testng.NewTest"/>
  <testcase name="testCheckTournamentExist" time="0.002" classname="testng.NewTest"/>
</testsuite> <!-- Default test -->
